<?xml version="1.0" encoding="UTF-8"?>
<testsuite xmlns:xsi="http://www.w3.org/2001/XMLSchema-instance" xsi:noNamespaceSchemaLocation="https://maven.apache.org/surefire/maven-surefire-plugin/xsd/surefire-test-report-3.0.xsd" version="3.0" name="com.think.health_first_server.HealthFirstServerApplicationTests" time="4.634" tests="1" errors="0" skipped="0" failures="0">
  <properties>
[...]
</properties>
  <testcase name="contextLoads" classname="com.think.health_first_server.HealthFirstServerApplicationTests" time="0.439">
    <system-out><![CDATA[12:35:11.766 [main] INFO org.springframework.test.context.support.AnnotationConfigContextLoaderUtils -- Could not detect default configuration classes for test class [com.think.health_first_server.HealthFirstServerApplicationTests]: HealthFirstServerApplicationTests does not declare any static, non-private, non-final, nested classes annotated with @Configuration.
12:35:11.825 [main] INFO org.springframework.boot.test.context.SpringBootTestContextBootstrapper -- Found @SpringBootConfiguration com.think.health_first_server.HealthFirstServerApplication for test class com.think.health_first_server.HealthFirstServerApplicationTests

  .   ____          _            __ _ _
 /\\ / ___'_ __ _ _(_)_ __  __ _ \ \ \ \
( ( )\___ | '_ | '_| | '_ \/ _` | \ \ \ \
 \\/  ___)| |_)| | | | | || (_| |  ) ) ) )
  '  |____| .__|_| |_|_| |_\__, | / / / /
 =========|_|==============|___/=/_/_/_/
 :: Spring Boot ::                (v3.1.0)

2025-08-08T12:35:12.095+05:30  INFO 397154 --- [           main] c.t.h.HealthFirstServerApplicationTests  : Starting HealthFirstServerApplicationTests using Java 17.0.15 with PID 397154 (started by ttpl-lnv15-0224 in /home/ttpl-lnv15-0224/projects/AI_Session/java-node-ai-suit-6/health-first-server/health-first-server)
2025-08-08T12:35:12.096+05:30  INFO 397154 --- [           main] c.t.h.HealthFirstServerApplicationTests  : No active profile set, falling back to 1 default profile: "default"
2025-08-08T12:35:12.869+05:30  INFO 397154 --- [           main] .s.d.r.c.RepositoryConfigurationDelegate : Bootstrapping Spring Data JPA repositories in DEFAULT mode.
2025-08-08T12:35:12.909+05:30  INFO 397154 --- [           main] .s.d.r.c.RepositoryConfigurationDelegate : Finished Spring Data repository scanning in 32 ms. Found 3 JPA repository interfaces.
2025-08-08T12:35:13.283+05:30  INFO 397154 --- [           main] o.hibernate.jpa.internal.util.LogHelper  : HHH000204: Processing PersistenceUnitInfo [name: default]
2025-08-08T12:35:13.326+05:30  INFO 397154 --- [           main] org.hibernate.Version                    : HHH000412: Hibernate ORM core version 6.2.2.Final
2025-08-08T12:35:13.328+05:30  INFO 397154 --- [           main] org.hibernate.cfg.Environment            : HHH000406: Using bytecode reflection optimizer
2025-08-08T12:35:13.439+05:30  INFO 397154 --- [           main] o.h.b.i.BytecodeProviderInitiator        : HHH000021: Bytecode provider name : bytebuddy
2025-08-08T12:35:13.543+05:30  INFO 397154 --- [           main] o.s.o.j.p.SpringPersistenceUnitInfo      : No LoadTimeWeaver setup: ignoring JPA class transformer
2025-08-08T12:35:13.557+05:30  INFO 397154 --- [           main] com.zaxxer.hikari.HikariDataSource       : HikariPool-1 - Starting...
2025-08-08T12:35:13.743+05:30  INFO 397154 --- [           main] com.zaxxer.hikari.pool.HikariPool        : HikariPool-1 - Added connection org.postgresql.jdbc.PgConnection@305e95a4
2025-08-08T12:35:13.745+05:30  INFO 397154 --- [           main] com.zaxxer.hikari.HikariDataSource       : HikariPool-1 - Start completed.
2025-08-08T12:35:13.783+05:30  INFO 397154 --- [           main] org.hibernate.orm.dialect                : HHH035001: Using dialect: org.hibernate.dialect.PostgreSQLDialect, version: org.hibernate.engine.jdbc.env.internal.JdbcEnvironmentInitiator$DialectResolutionInfoImpl@10f20d38
2025-08-08T12:35:13.978+05:30  INFO 397154 --- [           main] o.h.b.i.BytecodeProviderInitiator        : HHH000021: Bytecode provider name : bytebuddy
2025-08-08T12:35:14.407+05:30  INFO 397154 --- [           main] o.h.e.t.j.p.i.JtaPlatformInitiator       : HHH000490: Using JtaPlatform implementation: [org.hibernate.engine.transaction.jta.platform.internal.NoJtaPlatform]
Hibernate: 
    create table patient_medical_history (
        patient_id uuid not null,
        medical_history varchar(255)
    )
Hibernate: 
    create table patients (
        id uuid not null,
        city varchar(255),
        state varchar(255),
        street varchar(255),
        zip varchar(255),
        created_at timestamp(6),
        date_of_birth date,
        email varchar(255),
        email_verified boolean not null,
        name varchar(255),
        phone varchar(255),
        relationship varchar(255),
        first_name varchar(255),
        gender varchar(255) check (gender in ('MALE','FEMALE','OTHER','PREFER_NOT_TO_SAY')),
        policy_number varchar(255),
        provider varchar(255),
        is_active boolean not null,
        last_name varchar(255),
        password_hash varchar(255),
        phone_number varchar(255),
        phone_verified boolean not null,
        updated_at timestamp(6),
        primary key (id)
    )
Hibernate: 
    create table provider_availability (
        id uuid not null,
        appointment_type varchar(255),
        base_fee float(53),
        break_duration integer not null,
        created_at timestamp(6),
        currency varchar(255),
        current_appointments integer not null,
        date date,
        end_time time(6),
        insurance_accepted boolean,
        is_recurring boolean not null,
        location_address varchar(255),
        location_type varchar(255),
        max_appointments_per_slot integer not null,
        notes varchar(255),
        recurrence_end_date date,
        recurrence_pattern varchar(255),
        room_number varchar(255),
        slot_duration integer not null,
        special_requirements varchar(255),
        start_time time(6),
        status varchar(255),
        timezone varchar(255),
        updated_at timestamp(6),
        provider_id uuid not null,
        primary key (id)
    )
Hibernate: 
    create table providers (
        id uuid not null,
        city varchar(255),
        state varchar(255),
        street varchar(255),
        zip varchar(255),
        created_at timestamp(6),
        email varchar(255),
        first_name varchar(255),
        is_active boolean not null,
        last_name varchar(255),
        license_number varchar(255),
        password_hash varchar(255),
        phone_number varchar(255),
        specialization varchar(255),
        updated_at timestamp(6),
        verification_status varchar(255) check (verification_status in ('PENDING','VERIFIED','REJECTED')),
        years_of_experience integer not null,
        primary key (id)
    )
Hibernate: 
    alter table if exists patients 
       drop constraint if exists UKa370hmxgv0l5c9panryr1ji7d
2025-08-08T12:35:14.462+05:30  WARN 397154 --- [           main] o.h.engine.jdbc.spi.SqlExceptionHelper   : SQL Warning Code: 0, SQLState: 00000
2025-08-08T12:35:14.462+05:30  WARN 397154 --- [           main] o.h.engine.jdbc.spi.SqlExceptionHelper   : constraint "uka370hmxgv0l5c9panryr1ji7d" of relation "patients" does not exist, skipping
Hibernate: 
    alter table if exists patients 
       add constraint UKa370hmxgv0l5c9panryr1ji7d unique (email)
Hibernate: 
    alter table if exists patients 
       drop constraint if exists UKdhhexfnfyq4jvvdlqibld2l5q
2025-08-08T12:35:14.466+05:30  WARN 397154 --- [           main] o.h.engine.jdbc.spi.SqlExceptionHelper   : SQL Warning Code: 0, SQLState: 00000
2025-08-08T12:35:14.466+05:30  WARN 397154 --- [           main] o.h.engine.jdbc.spi.SqlExceptionHelper   : constraint "ukdhhexfnfyq4jvvdlqibld2l5q" of relation "patients" does not exist, skipping
Hibernate: 
    alter table if exists patients 
       add constraint UKdhhexfnfyq4jvvdlqibld2l5q unique (phone_number)
Hibernate: 
    alter table if exists providers 
       drop constraint if exists UK7ant8u8y5lel5bd0d6hdexmde
2025-08-08T12:35:14.470+05:30  WARN 397154 --- [           main] o.h.engine.jdbc.spi.SqlExceptionHelper   : SQL Warning Code: 0, SQLState: 00000
2025-08-08T12:35:14.470+05:30  WARN 397154 --- [           main] o.h.engine.jdbc.spi.SqlExceptionHelper   : constraint "uk7ant8u8y5lel5bd0d6hdexmde" of relation "providers" does not exist, skipping
Hibernate: 
    alter table if exists providers 
       add constraint UK7ant8u8y5lel5bd0d6hdexmde unique (email)
Hibernate: 
    alter table if exists providers 
       drop constraint if exists UKlnuuw9hv6458uhrd920i7yad5
2025-08-08T12:35:14.474+05:30  WARN 397154 --- [           main] o.h.engine.jdbc.spi.SqlExceptionHelper   : SQL Warning Code: 0, SQLState: 00000
2025-08-08T12:35:14.474+05:30  WARN 397154 --- [           main] o.h.engine.jdbc.spi.SqlExceptionHelper   : constraint "uklnuuw9hv6458uhrd920i7yad5" of relation "providers" does not exist, skipping
Hibernate: 
    alter table if exists providers 
       add constraint UKlnuuw9hv6458uhrd920i7yad5 unique (phone_number)
Hibernate: 
    alter table if exists providers 
       drop constraint if exists UKltcgaied77j1axlkiexsgf4x8
2025-08-08T12:35:14.478+05:30  WARN 397154 --- [           main] o.h.engine.jdbc.spi.SqlExceptionHelper   : SQL Warning Code: 0, SQLState: 00000
2025-08-08T12:35:14.478+05:30  WARN 397154 --- [           main] o.h.engine.jdbc.spi.SqlExceptionHelper   : constraint "ukltcgaied77j1axlkiexsgf4x8" of relation "providers" does not exist, skipping
Hibernate: 
    alter table if exists providers 
       add constraint UKltcgaied77j1axlkiexsgf4x8 unique (license_number)
Hibernate: 
    alter table if exists patient_medical_history 
       add constraint FKh1h5vct3rhl2mei2663c58ykn 
       foreign key (patient_id) 
       references patients
Hibernate: 
    alter table if exists provider_availability 
       add constraint FKf63f5ogx2p3oj9lc53c6jlod7 
       foreign key (provider_id) 
       references providers
2025-08-08T12:35:14.486+05:30  INFO 397154 --- [           main] j.LocalContainerEntityManagerFactoryBean : Initialized JPA EntityManagerFactory for persistence unit 'default'
2025-08-08T12:35:15.057+05:30  WARN 397154 --- [           main] JpaBaseConfiguration$JpaWebConfiguration : spring.jpa.open-in-view is enabled by default. Therefore, database queries may be performed during view rendering. Explicitly configure spring.jpa.open-in-view to disable this warning
2025-08-08T12:35:15.593+05:30  WARN 397154 --- [           main] .s.s.UserDetailsServiceAutoConfiguration : 

Using generated security password: f87c050a-08ad-4d06-863a-8b2152a08ec6

This generated password is for development use only. Your security configuration must be updated before running your application in production.

2025-08-08T12:35:15.674+05:30  INFO 397154 --- [           main] o.s.b.a.e.web.EndpointLinksResolver      : Exposing 1 endpoint(s) beneath base path '/actuator'
2025-08-08T12:35:15.689+05:30  INFO 397154 --- [           main] o.s.s.web.DefaultSecurityFilterChain     : Will secure any request with [org.springframework.security.web.session.DisableEncodeUrlFilter@67629872, org.springframework.security.web.context.request.async.WebAsyncManagerIntegrationFilter@5d04adc1, org.springframework.security.web.context.SecurityContextHolderFilter@ece7204, org.springframework.security.web.header.HeaderWriterFilter@1b26f006, org.springframework.web.filter.CorsFilter@4c2812aa, org.springframework.security.web.csrf.CsrfFilter@3796ff4, org.springframework.security.web.authentication.logout.LogoutFilter@16ecdb6d, org.springframework.security.web.authentication.UsernamePasswordAuthenticationFilter@56d189d0, org.springframework.security.web.authentication.ui.DefaultLoginPageGeneratingFilter@67887bf2, org.springframework.security.web.authentication.ui.DefaultLogoutPageGeneratingFilter@346e76ad, org.springframework.security.web.authentication.www.BasicAuthenticationFilter@17f5b53a, org.springframework.security.web.savedrequest.RequestCacheAwareFilter@2c3df478, org.springframework.security.web.servletapi.SecurityContextHolderAwareRequestFilter@7f88c53, org.springframework.security.web.authentication.AnonymousAuthenticationFilter@47bcd95a, org.springframework.security.web.access.ExceptionTranslationFilter@219c10c2, org.springframework.security.web.access.intercept.AuthorizationFilter@1c74251b]
2025-08-08T12:35:15.793+05:30  INFO 397154 --- [           main] c.t.h.HealthFirstServerApplicationTests  : Started HealthFirstServerApplicationTests in 3.878 seconds (process running for 4.434)
]]></system-out>
  </testcase>
</testsuite>